[debug] [2023-03-25T23:00:39.121Z] ----------------------------------------------------------------------
[debug] [2023-03-25T23:00:39.122Z] Command:       C:\Program Files\nodejs\node.exe C:\Users\adamm\AppData\Roaming\npm\node_modules\firebase-tools\lib\bin\firebase.js init
[debug] [2023-03-25T23:00:39.123Z] CLI Version:   11.24.1
[debug] [2023-03-25T23:00:39.123Z] Platform:      win32
[debug] [2023-03-25T23:00:39.123Z] Node Version:  v18.12.1
[debug] [2023-03-25T23:00:39.124Z] Time:          Sat Mar 25 2023 16:00:39 GMT-0700 (Pacific Daylight Saving Time)
[debug] [2023-03-25T23:00:39.124Z] ----------------------------------------------------------------------
[debug] 
[debug] [2023-03-25T23:00:39.131Z] > command requires scopes: ["email","openid","https://www.googleapis.com/auth/cloudplatformprojects.readonly","https://www.googleapis.com/auth/firebase","https://www.googleapis.com/auth/cloud-platform"]
[debug] [2023-03-25T23:00:39.131Z] > authorizing via signed-in user (adamm01b@gmail.com)
[info] 
     ######## #### ########  ######## ########     ###     ######  ########
     ##        ##  ##     ## ##       ##     ##  ##   ##  ##       ##
     ######    ##  ########  ######   ########  #########  ######  ######
     ##        ##  ##    ##  ##       ##     ## ##     ##       ## ##
     ##       #### ##     ## ######## ########  ##     ##  ######  ########

You're about to initialize a Firebase project in this directory:

  C:\Users\adamm\OneDrive\Plocha\WWW\ahoy-house-monorepo\client

[info] 
=== Project Setup
[info] 
[info] First, let's associate this project directory with a Firebase project.
[info] You can create multiple project aliases by running firebase use --add, 
[info] but for now we'll just set up a default project.
[info] 
[debug] [2023-03-25T23:00:44.098Z] > refreshing access token with scopes: []
[debug] [2023-03-25T23:00:44.099Z] >>> [apiv2][query] POST https://www.googleapis.com/oauth2/v3/token [none]
[debug] [2023-03-25T23:00:44.100Z] >>> [apiv2][body] POST https://www.googleapis.com/oauth2/v3/token [omitted]
[debug] [2023-03-25T23:00:44.235Z] <<< [apiv2][status] POST https://www.googleapis.com/oauth2/v3/token 200
[debug] [2023-03-25T23:00:44.235Z] <<< [apiv2][body] POST https://www.googleapis.com/oauth2/v3/token [omitted]
[debug] [2023-03-25T23:00:44.242Z] >>> [apiv2][query] GET https://firebase.googleapis.com/v1beta1/projects pageSize=100
[debug] [2023-03-25T23:00:44.713Z] <<< [apiv2][status] GET https://firebase.googleapis.com/v1beta1/projects 200
[debug] [2023-03-25T23:00:44.713Z] <<< [apiv2][body] GET https://firebase.googleapis.com/v1beta1/projects [omitted]
[info] i  Using project ahoy-house (ahoy-house) 
[info] 
=== Hosting Setup
[info] 
[info] Your public directory is the folder (relative to your project directory) that
[info] will contain Hosting assets to be uploaded with firebase deploy. If you
[info] have a build process for your assets, use your build's output directory.
[info] 
